<?xml version="1.0" encoding="UTF-8"?><testsuite failures="1" name="cucumber.runtime.formatter.JUnitFormatter" skipped="0" tests="7" time="3.782973">
<testcase classname="Incluindo um usuario" name="Testar a criacao de um usuario" time="2.407277">
<failure message="java.lang.AssertionError: Expected status code &lt;201&gt; doesn't match actual status code &lt;400&gt;.&#10;&#13;&#10;&#9;at sun.reflect.NativeConstructorAccessorImpl.newInstance0(Native Method)&#13;&#10;&#9;at sun.reflect.NativeConstructorAccessorImpl.newInstance(Unknown Source)&#13;&#10;&#9;at sun.reflect.DelegatingConstructorAccessorImpl.newInstance(Unknown Source)&#13;&#10;&#9;at java.lang.reflect.Constructor.newInstance(Unknown Source)&#13;&#10;&#9;at org.codehaus.groovy.reflection.CachedConstructor.invoke(CachedConstructor.java:77)&#13;&#10;&#9;at org.codehaus.groovy.runtime.callsite.ConstructorSite$ConstructorSiteNoUnwrapNoCoerce.callConstructor(ConstructorSite.java:102)&#13;&#10;&#9;at org.codehaus.groovy.runtime.callsite.CallSiteArray.defaultCallConstructor(CallSiteArray.java:57)&#13;&#10;&#9;at org.codehaus.groovy.runtime.callsite.AbstractCallSite.callConstructor(AbstractCallSite.java:232)&#13;&#10;&#9;at org.codehaus.groovy.runtime.callsite.AbstractCallSite.callConstructor(AbstractCallSite.java:244)&#13;&#10;&#9;at com.jayway.restassured.internal.ResponseSpecificationImpl$HamcrestAssertionClosure.validate(ResponseSpecificationImpl.groovy:572)&#13;&#10;&#9;at com.jayway.restassured.internal.ResponseSpecificationImpl$HamcrestAssertionClosure$validate$1.call(Unknown Source)&#13;&#10;&#9;at org.codehaus.groovy.runtime.callsite.CallSiteArray.defaultCall(CallSiteArray.java:45)&#13;&#10;&#9;at org.codehaus.groovy.runtime.callsite.AbstractCallSite.call(AbstractCallSite.java:110)&#13;&#10;&#9;at org.codehaus.groovy.runtime.callsite.AbstractCallSite.call(AbstractCallSite.java:122)&#13;&#10;&#9;at com.jayway.restassured.internal.ResponseSpecificationImpl.validateResponseIfRequired(ResponseSpecificationImpl.groovy:731)&#13;&#10;&#9;at sun.reflect.NativeMethodAccessorImpl.invoke0(Native Method)&#13;&#10;&#9;at sun.reflect.NativeMethodAccessorImpl.invoke(Unknown Source)&#13;&#10;&#9;at sun.reflect.DelegatingMethodAccessorImpl.invoke(Unknown Source)&#13;&#10;&#9;at java.lang.reflect.Method.invoke(Unknown Source)&#13;&#10;&#9;at org.codehaus.groovy.runtime.callsite.PogoMetaMethodSite$PogoCachedMethodSiteNoUnwrapNoCoerce.invoke(PogoMetaMethodSite.java:207)&#13;&#10;&#9;at org.codehaus.groovy.runtime.callsite.PogoMetaMethodSite.callCurrent(PogoMetaMethodSite.java:56)&#13;&#10;&#9;at org.codehaus.groovy.runtime.callsite.CallSiteArray.defaultCallCurrent(CallSiteArray.java:49)&#13;&#10;&#9;at org.codehaus.groovy.runtime.callsite.AbstractCallSite.callCurrent(AbstractCallSite.java:151)&#13;&#10;&#9;at org.codehaus.groovy.runtime.callsite.AbstractCallSite.callCurrent(AbstractCallSite.java:163)&#13;&#10;&#9;at com.jayway.restassured.internal.ResponseSpecificationImpl.statusCode(ResponseSpecificationImpl.groovy:106)&#13;&#10;&#9;at com.jayway.restassured.specification.ResponseSpecification$statusCode$0.callCurrent(Unknown Source)&#13;&#10;&#9;at org.codehaus.groovy.runtime.callsite.CallSiteArray.defaultCallCurrent(CallSiteArray.java:49)&#13;&#10;&#9;at org.codehaus.groovy.runtime.callsite.AbstractCallSite.callCurrent(AbstractCallSite.java:151)&#13;&#10;&#9;at org.codehaus.groovy.runtime.callsite.AbstractCallSite.callCurrent(AbstractCallSite.java:163)&#13;&#10;&#9;at com.jayway.restassured.internal.ResponseSpecificationImpl.statusCode(ResponseSpecificationImpl.groovy:114)&#13;&#10;&#9;at com.jayway.restassured.internal.ValidatableResponseOptionsImpl.statusCode(ValidatableResponseOptionsImpl.java:114)&#13;&#10;&#9;at br.exemplo.restAssured.Testes.StepDefinitions.o_codigo_de_retorno_deve_ser(StepDefinitions.java:50)&#13;&#10;&#9;at ✽.Entao o codigo de retorno deve ser 201(test.feature:7)&#13;&#10;"><![CDATA[Dado que eu fiz a leitura do meu arquivo json com o nome "pessoa.json"......passed
Quando faco a requisicao para criar o usuario...............................passed
Entao o codigo de retorno deve ser 201......................................failed
E verifico o body da reposta de criacao de usuario..........................skipped

StackTrace:
java.lang.AssertionError: Expected status code <201> doesn't match actual status code <400>.

	at sun.reflect.NativeConstructorAccessorImpl.newInstance0(Native Method)
	at sun.reflect.NativeConstructorAccessorImpl.newInstance(Unknown Source)
	at sun.reflect.DelegatingConstructorAccessorImpl.newInstance(Unknown Source)
	at java.lang.reflect.Constructor.newInstance(Unknown Source)
	at org.codehaus.groovy.reflection.CachedConstructor.invoke(CachedConstructor.java:77)
	at org.codehaus.groovy.runtime.callsite.ConstructorSite$ConstructorSiteNoUnwrapNoCoerce.callConstructor(ConstructorSite.java:102)
	at org.codehaus.groovy.runtime.callsite.CallSiteArray.defaultCallConstructor(CallSiteArray.java:57)
	at org.codehaus.groovy.runtime.callsite.AbstractCallSite.callConstructor(AbstractCallSite.java:232)
	at org.codehaus.groovy.runtime.callsite.AbstractCallSite.callConstructor(AbstractCallSite.java:244)
	at com.jayway.restassured.internal.ResponseSpecificationImpl$HamcrestAssertionClosure.validate(ResponseSpecificationImpl.groovy:572)
	at com.jayway.restassured.internal.ResponseSpecificationImpl$HamcrestAssertionClosure$validate$1.call(Unknown Source)
	at org.codehaus.groovy.runtime.callsite.CallSiteArray.defaultCall(CallSiteArray.java:45)
	at org.codehaus.groovy.runtime.callsite.AbstractCallSite.call(AbstractCallSite.java:110)
	at org.codehaus.groovy.runtime.callsite.AbstractCallSite.call(AbstractCallSite.java:122)
	at com.jayway.restassured.internal.ResponseSpecificationImpl.validateResponseIfRequired(ResponseSpecificationImpl.groovy:731)
	at sun.reflect.NativeMethodAccessorImpl.invoke0(Native Method)
	at sun.reflect.NativeMethodAccessorImpl.invoke(Unknown Source)
	at sun.reflect.DelegatingMethodAccessorImpl.invoke(Unknown Source)
	at java.lang.reflect.Method.invoke(Unknown Source)
	at org.codehaus.groovy.runtime.callsite.PogoMetaMethodSite$PogoCachedMethodSiteNoUnwrapNoCoerce.invoke(PogoMetaMethodSite.java:207)
	at org.codehaus.groovy.runtime.callsite.PogoMetaMethodSite.callCurrent(PogoMetaMethodSite.java:56)
	at org.codehaus.groovy.runtime.callsite.CallSiteArray.defaultCallCurrent(CallSiteArray.java:49)
	at org.codehaus.groovy.runtime.callsite.AbstractCallSite.callCurrent(AbstractCallSite.java:151)
	at org.codehaus.groovy.runtime.callsite.AbstractCallSite.callCurrent(AbstractCallSite.java:163)
	at com.jayway.restassured.internal.ResponseSpecificationImpl.statusCode(ResponseSpecificationImpl.groovy:106)
	at com.jayway.restassured.specification.ResponseSpecification$statusCode$0.callCurrent(Unknown Source)
	at org.codehaus.groovy.runtime.callsite.CallSiteArray.defaultCallCurrent(CallSiteArray.java:49)
	at org.codehaus.groovy.runtime.callsite.AbstractCallSite.callCurrent(AbstractCallSite.java:151)
	at org.codehaus.groovy.runtime.callsite.AbstractCallSite.callCurrent(AbstractCallSite.java:163)
	at com.jayway.restassured.internal.ResponseSpecificationImpl.statusCode(ResponseSpecificationImpl.groovy:114)
	at com.jayway.restassured.internal.ValidatableResponseOptionsImpl.statusCode(ValidatableResponseOptionsImpl.java:114)
	at br.exemplo.restAssured.Testes.StepDefinitions.o_codigo_de_retorno_deve_ser(StepDefinitions.java:50)
	at ✽.Entao o codigo de retorno deve ser 201(test.feature:7)
]]></failure>
</testcase>
<testcase classname="Incluindo um usuario" name="Testar a criacao de um usuario com um cpf j� registrado" time="0.754403">
<system-out><![CDATA[Dado que eu fiz a leitura do meu arquivo json com o nome "pessoa.json"......passed
Quando faco a requisicao para criar o usuario...............................passed
Entao o codigo de retorno deve ser 400......................................passed
E verifico o body da reposta de criacao de usuario com cpf ja registrado....passed
]]></system-out>
</testcase>
<testcase classname="Incluindo um usuario" name="Testar a criacao de um usuario com um telefone j� registrado" time="0.037667">
<system-out><![CDATA[Dado que eu fiz a leitura do meu arquivo json com o nome "procurarPessoa.json".passed
Quando faco a requisicao para criar o usuario...............................passed
Entao o codigo de retorno deve ser 400......................................passed
E verifico o body da reposta de criacao de usuario um telefone ja registrado.passed
]]></system-out>
</testcase>
<testcase classname="Incluindo um usuario" name="Testar a busca de um usuario pelo ddd + numero de telefone" time="0.113413">
<system-out><![CDATA[Dado que eu fiz a leitura do meu arquivo json com o nome "pessoa.json"......passed
Quando faco a requisicao para consultar um usuario..........................passed
Entao o codigo de retorno deve ser 200......................................passed
E verifico o body da reposta da consulta de um usuario......................passed
]]></system-out>
</testcase>
<testcase classname="Incluindo um usuario" name="Testar a busca de um usuario pelo ddd + numero de telefone errado" time="0.143922">
<system-out><![CDATA[Dado que eu fiz a leitura do meu arquivo json com o nome "pessoa.json"......passed
Quando faco a requisicao para consultar um usuario com telefone errado......passed
Entao o codigo de retorno deve ser 404......................................passed
E verifico o body da reposta da consulta de um usuario com telefone errado..passed
]]></system-out>
</testcase>
<testcase classname="Incluindo um usuario" name="Testar a filtragem de um usu�rio" time="0.297082">
<system-out><![CDATA[Dado que eu fiz a leitura do meu arquivo json com o nome "pessoa.json"......passed
Quando faco a requisicao para filtrar um usuario............................passed
Entao o codigo de retorno deve ser 200......................................passed
E verifico o body da reposta da consulta com filtro de um usuario...........passed
]]></system-out>
</testcase>
<testcase classname="Incluindo um usuario" name="Testar a filtragem de um usu�rio" time="0.029209">
<system-out><![CDATA[Dado que eu fiz a leitura do meu arquivo json com o nome "pessoaError.json".passed
Quando faco a requisicao para filtrar um usuario............................passed
Entao o codigo de retorno deve ser 200......................................passed
E verifico o body da reposta da consulta com filtro errado..................passed
]]></system-out>
</testcase>
</testsuite>
